2025-02-12 07:25:50 [INFO] [tracer:<module>] - El nivel de log actual es: DEBUG
2025-02-12 07:29:33 [DEBUG] [code_executor:format_variable] - Formateando variable 'result'.
2025-02-12 07:29:33 [DEBUG] [code_executor:format_variable] - Formateando variable '__builtins__'.
2025-02-12 07:29:47 [DEBUG] [code_executor:format_variable] - Formateando variable 'result'.
2025-02-12 07:29:47 [DEBUG] [code_executor:format_variable] - Formateando variable '__builtins__'.
2025-02-12 07:29:49 [DEBUG] [code_executor:format_variable] - Formateando variable 'result'.
2025-02-12 07:29:49 [DEBUG] [code_executor:format_variable] - Formateando variable '__builtins__'.
2025-02-12 07:31:14 [INFO] [tracer:<module>] - El nivel de log actual es: DEBUG
2025-02-12 07:31:23 [DEBUG] [code_executor:format_variable] - Formateando variable 'result'.
2025-02-12 07:31:23 [DEBUG] [code_executor:format_variable] - Formateando variable '__builtins__'.
2025-02-12 07:31:24 [DEBUG] [code_executor:format_variable] - Formateando variable 'result'.
2025-02-12 07:31:31 [DEBUG] [code_executor:format_variable] - Formateando variable 'result'.
2025-02-12 07:31:31 [DEBUG] [code_executor:format_variable] - Formateando variable '__builtins__'.
2025-02-12 07:31:32 [DEBUG] [code_executor:format_variable] - Formateando variable 'result'.
2025-02-12 07:31:32 [DEBUG] [code_executor:format_variable] - Formateando variable 'result'.
2025-02-12 07:31:32 [DEBUG] [code_executor:format_variable] - Formateando variable '__builtins__'.
2025-02-12 07:31:33 [DEBUG] [code_executor:format_variable] - Formateando variable 'result'.
2025-02-12 07:31:51 [DEBUG] [code_executor:format_variable] - Formateando variable 'result'.
2025-02-12 07:31:51 [DEBUG] [code_executor:format_variable] - Formateando variable '__builtins__'.
2025-02-12 07:31:54 [DEBUG] [code_executor:format_variable] - Formateando variable 'result'.
2025-02-12 07:31:54 [DEBUG] [code_executor:format_variable] - Formateando variable 'result'.
2025-02-12 07:31:54 [DEBUG] [code_executor:format_variable] - Formateando variable '__builtins__'.
2025-02-12 07:31:56 [DEBUG] [code_executor:format_variable] - Formateando variable 'result'.
2025-02-12 07:32:35 [DEBUG] [code_executor:format_variable] - Formateando variable 'result'.
2025-02-12 07:32:35 [DEBUG] [code_executor:format_variable] - Formateando variable '__builtins__'.
2025-02-12 07:32:41 [DEBUG] [code_executor:format_variable] - Formateando variable 'result'.
2025-02-12 07:33:27 [DEBUG] [code_executor:format_variable] - Formateando variable 'result'.
2025-02-12 07:33:27 [DEBUG] [code_executor:format_variable] - Formateando variable '__builtins__'.
2025-02-12 07:33:29 [DEBUG] [code_executor:format_variable] - Formateando variable 'result'.
2025-02-12 07:34:11 [DEBUG] [code_executor:format_variable] - Formateando variable 'result'.
2025-02-12 07:34:11 [DEBUG] [code_executor:format_variable] - Formateando variable '__builtins__'.
2025-02-12 07:34:15 [DEBUG] [code_executor:format_variable] - Formateando variable 'result'.
2025-02-12 07:34:34 [DEBUG] [code_executor:format_variable] - Formateando variable 'result'.
2025-02-12 07:34:34 [DEBUG] [code_executor:format_variable] - Formateando variable '__builtins__'.
2025-02-12 07:34:38 [DEBUG] [code_executor:format_variable] - Formateando variable 'result'.
2025-02-12 07:35:03 [DEBUG] [code_executor:format_variable] - Formateando variable 'result'.
2025-02-12 07:35:03 [DEBUG] [code_executor:format_variable] - Formateando variable '__builtins__'.
2025-02-12 07:35:10 [DEBUG] [code_executor:format_variable] - Formateando variable 'result'.
2025-02-12 07:39:24 [DEBUG] [code_executor:format_variable] - Formateando variable 'result'.
2025-02-12 07:39:24 [DEBUG] [code_executor:format_variable] - Formateando variable '__builtins__'.
2025-02-12 07:39:31 [DEBUG] [code_executor:format_variable] - Formateando variable 'result'.
2025-02-12 07:41:43 [DEBUG] [code_executor:format_variable] - Formateando variable 'result'.
2025-02-12 07:41:43 [DEBUG] [code_executor:format_variable] - Formateando variable '__builtins__'.
2025-02-12 07:41:45 [DEBUG] [code_executor:format_variable] - Formateando variable 'result'.
2025-02-12 07:41:45 [DEBUG] [code_executor:format_variable] - Formateando variable 'result'.
2025-02-12 07:41:45 [DEBUG] [code_executor:format_variable] - Formateando variable '__builtins__'.
2025-02-12 07:41:46 [DEBUG] [code_executor:format_variable] - Formateando variable 'result'.
2025-02-12 07:42:13 [DEBUG] [code_executor:format_variable] - Formateando variable 'result'.
2025-02-12 07:42:13 [DEBUG] [code_executor:format_variable] - Formateando variable '__builtins__'.
2025-02-12 07:42:29 [DEBUG] [code_executor:format_variable] - Formateando variable 'result'.
2025-02-12 07:44:03 [DEBUG] [code_executor:format_variable] - Formateando variable 'result'.
2025-02-12 07:44:03 [DEBUG] [code_executor:format_variable] - Formateando variable '__builtins__'.
2025-02-12 07:44:16 [DEBUG] [code_executor:format_variable] - Formateando variable 'result'.
2025-02-12 07:44:28 [DEBUG] [code_executor:format_variable] - Formateando variable 'result'.
2025-02-12 07:44:28 [DEBUG] [code_executor:format_variable] - Formateando variable '__builtins__'.
2025-02-12 07:44:32 [DEBUG] [code_executor:format_variable] - Formateando variable 'result'.
2025-02-12 07:44:42 [DEBUG] [code_executor:format_variable] - Formateando variable 'result'.
2025-02-12 07:44:42 [DEBUG] [code_executor:format_variable] - Formateando variable '__builtins__'.
2025-02-12 07:44:46 [DEBUG] [code_executor:format_variable] - Formateando variable 'result'.
2025-02-12 07:45:02 [DEBUG] [code_executor:format_variable] - Formateando variable 'result'.
2025-02-12 07:45:02 [DEBUG] [code_executor:format_variable] - Formateando variable '__builtins__'.
2025-02-12 07:45:09 [DEBUG] [code_executor:format_variable] - Formateando variable 'result'.
2025-02-12 07:45:54 [INFO] [tracer:<module>] - El nivel de log actual es: DEBUG
2025-02-12 07:45:55 [DEBUG] [code_executor:format_variable] - Formateando variable 'result'.
2025-02-12 07:45:55 [DEBUG] [code_executor:format_variable] - Formateando variable '__builtins__'.
2025-02-12 07:45:56 [DEBUG] [code_executor:format_variable] - Formateando variable 'result'.
2025-02-12 07:45:56 [DEBUG] [code_executor:format_variable] - Formateando variable 'result'.
2025-02-12 07:45:56 [DEBUG] [code_executor:format_variable] - Formateando variable '__builtins__'.
2025-02-12 07:45:58 [DEBUG] [code_executor:format_variable] - Formateando variable 'result'.
2025-02-12 07:45:58 [DEBUG] [code_executor:format_variable] - Formateando variable 'result'.
2025-02-12 07:45:58 [DEBUG] [code_executor:format_variable] - Formateando variable '__builtins__'.
2025-02-12 07:45:59 [DEBUG] [code_executor:format_variable] - Formateando variable 'result'.
2025-02-12 07:45:59 [DEBUG] [code_executor:format_variable] - Formateando variable 'result'.
2025-02-12 07:45:59 [DEBUG] [code_executor:format_variable] - Formateando variable '__builtins__'.
2025-02-12 07:46:01 [DEBUG] [code_executor:format_variable] - Formateando variable 'result'.
2025-02-12 07:46:01 [DEBUG] [code_executor:format_variable] - Formateando variable 'result'.
2025-02-12 07:46:01 [DEBUG] [code_executor:format_variable] - Formateando variable '__builtins__'.
2025-02-12 07:46:04 [DEBUG] [code_executor:format_variable] - Formateando variable 'result'.
2025-02-12 07:46:04 [DEBUG] [code_executor:format_variable] - Formateando variable 'result'.
2025-02-12 07:46:04 [DEBUG] [code_executor:format_variable] - Formateando variable '__builtins__'.
2025-02-12 07:46:05 [DEBUG] [code_executor:format_variable] - Formateando variable 'result'.
2025-02-12 07:46:05 [DEBUG] [code_executor:format_variable] - Formateando variable 'result'.
2025-02-12 07:46:05 [DEBUG] [code_executor:format_variable] - Formateando variable '__builtins__'.
2025-02-12 07:46:08 [DEBUG] [code_executor:format_variable] - Formateando variable 'result'.
2025-02-12 07:46:08 [DEBUG] [code_executor:format_variable] - Formateando variable 'result'.
2025-02-12 07:46:08 [DEBUG] [code_executor:format_variable] - Formateando variable '__builtins__'.
2025-02-12 07:46:09 [DEBUG] [code_executor:format_variable] - Formateando variable 'result'.
2025-02-12 07:46:09 [DEBUG] [code_executor:format_variable] - Formateando variable 'result'.
2025-02-12 07:46:09 [DEBUG] [code_executor:format_variable] - Formateando variable '__builtins__'.
2025-02-12 07:46:14 [DEBUG] [code_executor:format_variable] - Formateando variable 'result'.
2025-02-12 07:46:14 [DEBUG] [code_executor:format_variable] - Formateando variable 'result'.
2025-02-12 07:46:14 [DEBUG] [code_executor:format_variable] - Formateando variable '__builtins__'.
2025-02-12 07:46:15 [DEBUG] [code_executor:format_variable] - Formateando variable 'result'.
2025-02-12 07:46:15 [DEBUG] [code_executor:format_variable] - Formateando variable 'result'.
2025-02-12 07:46:15 [DEBUG] [code_executor:format_variable] - Formateando variable '__builtins__'.
2025-02-12 07:46:18 [DEBUG] [code_executor:format_variable] - Formateando variable 'result'.
2025-02-12 07:46:18 [DEBUG] [code_executor:format_variable] - Formateando variable 'result'.
2025-02-12 07:46:18 [DEBUG] [code_executor:format_variable] - Formateando variable '__builtins__'.
2025-02-12 07:46:21 [DEBUG] [code_executor:format_variable] - Formateando variable 'result'.
2025-02-12 07:46:21 [DEBUG] [code_executor:format_variable] - Formateando variable 'result'.
2025-02-12 07:46:21 [DEBUG] [code_executor:format_variable] - Formateando variable '__builtins__'.
2025-02-12 07:46:22 [DEBUG] [code_executor:format_variable] - Formateando variable 'result'.
2025-02-12 07:46:22 [DEBUG] [code_executor:format_variable] - Formateando variable 'result'.
2025-02-12 07:46:22 [DEBUG] [code_executor:format_variable] - Formateando variable '__builtins__'.
2025-02-12 07:46:29 [DEBUG] [code_executor:format_variable] - Formateando variable 'result'.
2025-02-12 07:49:21 [INFO] [tracer:<module>] - El nivel de log actual es: DEBUG
2025-02-12 07:49:23 [DEBUG] [code_executor:format_variable] - Formateando variable 'result'.
2025-02-12 07:49:23 [DEBUG] [code_executor:format_variable] - Formateando variable '__builtins__'.
2025-02-12 07:49:24 [DEBUG] [code_executor:format_variable] - Formateando variable 'result'.
2025-02-12 07:49:24 [DEBUG] [code_executor:format_variable] - Formateando variable 'result'.
2025-02-12 07:49:24 [DEBUG] [code_executor:format_variable] - Formateando variable '__builtins__'.
2025-02-12 07:49:25 [DEBUG] [code_executor:format_variable] - Formateando variable 'result'.
2025-02-12 07:49:25 [DEBUG] [code_executor:format_variable] - Formateando variable 'result'.
2025-02-12 07:49:25 [DEBUG] [code_executor:format_variable] - Formateando variable '__builtins__'.
2025-02-12 07:49:26 [DEBUG] [code_executor:format_variable] - Formateando variable 'result'.
2025-02-12 07:49:26 [DEBUG] [code_executor:format_variable] - Formateando variable 'result'.
2025-02-12 07:49:26 [DEBUG] [code_executor:format_variable] - Formateando variable '__builtins__'.
2025-02-12 07:49:27 [DEBUG] [code_executor:format_variable] - Formateando variable 'result'.
2025-02-12 07:49:27 [DEBUG] [code_executor:format_variable] - Formateando variable 'result'.
2025-02-12 07:49:27 [DEBUG] [code_executor:format_variable] - Formateando variable '__builtins__'.
2025-02-12 07:49:28 [DEBUG] [code_executor:format_variable] - Formateando variable 'result'.
2025-02-12 07:49:28 [DEBUG] [code_executor:format_variable] - Formateando variable 'result'.
2025-02-12 07:49:28 [DEBUG] [code_executor:format_variable] - Formateando variable '__builtins__'.
2025-02-12 07:49:29 [DEBUG] [code_executor:format_variable] - Formateando variable 'result'.
2025-02-12 07:49:29 [DEBUG] [code_executor:format_variable] - Formateando variable 'result'.
2025-02-12 07:49:29 [DEBUG] [code_executor:format_variable] - Formateando variable '__builtins__'.
2025-02-12 07:49:31 [DEBUG] [code_executor:format_variable] - Formateando variable 'result'.
2025-02-12 07:49:31 [DEBUG] [code_executor:format_variable] - Formateando variable 'result'.
2025-02-12 07:49:31 [DEBUG] [code_executor:format_variable] - Formateando variable '__builtins__'.
2025-02-12 07:49:32 [DEBUG] [code_executor:format_variable] - Formateando variable 'result'.
2025-02-12 07:49:32 [DEBUG] [code_executor:format_variable] - Formateando variable 'result'.
2025-02-12 07:49:32 [DEBUG] [code_executor:format_variable] - Formateando variable 'pd'.
2025-02-12 07:49:32 [DEBUG] [code_executor:format_variable] - Formateando variable 'np'.
2025-02-12 07:49:32 [DEBUG] [code_executor:format_variable] - Formateando variable 'data'.
2025-02-12 07:49:32 [DEBUG] [code_executor:format_variable] - Formateando variable 'df'.
2025-02-12 07:49:32 [DEBUG] [code_executor:format_variable] - Formateando variable '__builtins__'.
2025-02-12 07:49:39 [DEBUG] [code_executor:format_variable] - Formateando variable 'result'.
2025-02-12 07:49:39 [DEBUG] [code_executor:format_variable] - Formateando variable 'pd'.
2025-02-12 07:49:39 [DEBUG] [code_executor:format_variable] - Formateando variable 'np'.
2025-02-12 07:49:39 [DEBUG] [code_executor:format_variable] - Formateando variable 'data'.
2025-02-12 07:49:39 [DEBUG] [code_executor:format_variable] - Formateando variable 'df'.
2025-02-12 07:49:39 [DEBUG] [code_executor:format_variable] - Formateando variable 'result'.
2025-02-12 07:49:39 [DEBUG] [code_executor:format_variable] - Formateando variable 'pd'.
2025-02-12 07:49:39 [DEBUG] [code_executor:format_variable] - Formateando variable 'np'.
2025-02-12 07:49:39 [DEBUG] [code_executor:format_variable] - Formateando variable 'data'.
2025-02-12 07:49:39 [DEBUG] [code_executor:format_variable] - Formateando variable 'df'.
2025-02-12 07:49:39 [DEBUG] [code_executor:format_variable] - Formateando variable '__builtins__'.
2025-02-12 07:49:40 [DEBUG] [code_executor:format_variable] - Formateando variable 'result'.
2025-02-12 07:49:40 [DEBUG] [code_executor:format_variable] - Formateando variable 'pd'.
2025-02-12 07:49:40 [DEBUG] [code_executor:format_variable] - Formateando variable 'np'.
2025-02-12 07:49:40 [DEBUG] [code_executor:format_variable] - Formateando variable 'data'.
2025-02-12 07:49:40 [DEBUG] [code_executor:format_variable] - Formateando variable 'df'.
2025-02-12 07:49:40 [DEBUG] [code_executor:format_variable] - Formateando variable 'result'.
2025-02-12 07:49:40 [DEBUG] [code_executor:format_variable] - Formateando variable 'pd'.
2025-02-12 07:49:40 [DEBUG] [code_executor:format_variable] - Formateando variable 'np'.
2025-02-12 07:49:40 [DEBUG] [code_executor:format_variable] - Formateando variable 'data'.
2025-02-12 07:49:40 [DEBUG] [code_executor:format_variable] - Formateando variable 'df'.
2025-02-12 07:49:40 [DEBUG] [code_executor:format_variable] - Formateando variable '__builtins__'.
2025-02-12 07:49:41 [DEBUG] [code_executor:format_variable] - Formateando variable 'result'.
2025-02-12 07:49:41 [DEBUG] [code_executor:format_variable] - Formateando variable 'pd'.
2025-02-12 07:49:41 [DEBUG] [code_executor:format_variable] - Formateando variable 'np'.
2025-02-12 07:49:41 [DEBUG] [code_executor:format_variable] - Formateando variable 'data'.
2025-02-12 07:49:41 [DEBUG] [code_executor:format_variable] - Formateando variable 'df'.
2025-02-12 07:49:41 [DEBUG] [code_executor:format_variable] - Formateando variable 'result'.
2025-02-12 07:49:41 [DEBUG] [code_executor:format_variable] - Formateando variable 'pd'.
2025-02-12 07:49:41 [DEBUG] [code_executor:format_variable] - Formateando variable 'np'.
2025-02-12 07:49:41 [DEBUG] [code_executor:format_variable] - Formateando variable 'data'.
2025-02-12 07:49:41 [DEBUG] [code_executor:format_variable] - Formateando variable 'df'.
2025-02-12 07:49:41 [DEBUG] [code_executor:format_variable] - Formateando variable '__builtins__'.
2025-02-12 07:49:46 [DEBUG] [code_executor:format_variable] - Formateando variable 'result'.
2025-02-12 07:49:46 [DEBUG] [code_executor:format_variable] - Formateando variable 'pd'.
2025-02-12 07:49:46 [DEBUG] [code_executor:format_variable] - Formateando variable 'np'.
2025-02-12 07:49:46 [DEBUG] [code_executor:format_variable] - Formateando variable 'data'.
2025-02-12 07:49:46 [DEBUG] [code_executor:format_variable] - Formateando variable 'df'.
2025-02-12 07:49:46 [DEBUG] [code_executor:format_variable] - Formateando variable 'result'.
2025-02-12 07:49:46 [DEBUG] [code_executor:format_variable] - Formateando variable 'pd'.
2025-02-12 07:49:46 [DEBUG] [code_executor:format_variable] - Formateando variable 'np'.
2025-02-12 07:49:46 [DEBUG] [code_executor:format_variable] - Formateando variable 'data'.
2025-02-12 07:49:46 [DEBUG] [code_executor:format_variable] - Formateando variable 'df'.
2025-02-12 07:49:46 [DEBUG] [code_executor:format_variable] - Formateando variable '__builtins__'.
2025-02-12 07:49:48 [DEBUG] [code_executor:format_variable] - Formateando variable 'result'.
2025-02-12 07:49:48 [DEBUG] [code_executor:format_variable] - Formateando variable 'pd'.
2025-02-12 07:49:48 [DEBUG] [code_executor:format_variable] - Formateando variable 'np'.
2025-02-12 07:49:48 [DEBUG] [code_executor:format_variable] - Formateando variable 'data'.
2025-02-12 07:49:48 [DEBUG] [code_executor:format_variable] - Formateando variable 'df'.
2025-02-12 07:49:48 [DEBUG] [code_executor:format_variable] - Formateando variable 'result'.
2025-02-12 07:49:48 [DEBUG] [code_executor:format_variable] - Formateando variable 'pd'.
2025-02-12 07:49:48 [DEBUG] [code_executor:format_variable] - Formateando variable 'np'.
2025-02-12 07:49:48 [DEBUG] [code_executor:format_variable] - Formateando variable 'data'.
2025-02-12 07:49:48 [DEBUG] [code_executor:format_variable] - Formateando variable 'df'.
2025-02-12 07:49:48 [DEBUG] [code_executor:format_variable] - Formateando variable '__builtins__'.
2025-02-12 07:49:55 [DEBUG] [code_executor:format_variable] - Formateando variable 'result'.
2025-02-12 07:49:55 [DEBUG] [code_executor:format_variable] - Formateando variable 'pd'.
2025-02-12 07:49:55 [DEBUG] [code_executor:format_variable] - Formateando variable 'np'.
2025-02-12 07:49:55 [DEBUG] [code_executor:format_variable] - Formateando variable 'data'.
2025-02-12 07:49:55 [DEBUG] [code_executor:format_variable] - Formateando variable 'df'.
2025-02-12 07:49:55 [DEBUG] [code_executor:format_variable] - Formateando variable 'result'.
2025-02-12 07:49:55 [DEBUG] [code_executor:format_variable] - Formateando variable 'pd'.
2025-02-12 07:49:55 [DEBUG] [code_executor:format_variable] - Formateando variable 'np'.
2025-02-12 07:49:55 [DEBUG] [code_executor:format_variable] - Formateando variable 'data'.
2025-02-12 07:49:55 [DEBUG] [code_executor:format_variable] - Formateando variable 'df'.
2025-02-12 07:49:55 [DEBUG] [code_executor:format_variable] - Formateando variable '__builtins__'.
2025-02-12 07:49:57 [DEBUG] [code_executor:format_variable] - Formateando variable 'result'.
2025-02-12 07:49:57 [DEBUG] [code_executor:format_variable] - Formateando variable 'pd'.
2025-02-12 07:49:57 [DEBUG] [code_executor:format_variable] - Formateando variable 'np'.
2025-02-12 07:49:57 [DEBUG] [code_executor:format_variable] - Formateando variable 'data'.
2025-02-12 07:49:57 [DEBUG] [code_executor:format_variable] - Formateando variable 'df'.
2025-02-12 07:49:57 [DEBUG] [code_executor:format_variable] - Formateando variable 'result'.
2025-02-12 07:49:57 [DEBUG] [code_executor:format_variable] - Formateando variable 'pd'.
2025-02-12 07:49:57 [DEBUG] [code_executor:format_variable] - Formateando variable 'np'.
2025-02-12 07:49:57 [DEBUG] [code_executor:format_variable] - Formateando variable 'data'.
2025-02-12 07:49:57 [DEBUG] [code_executor:format_variable] - Formateando variable 'df'.
2025-02-12 07:49:57 [DEBUG] [code_executor:format_variable] - Formateando variable 'result_doubled'.
2025-02-12 07:49:57 [DEBUG] [code_executor:format_variable] - Formateando variable '__builtins__'.
2025-02-12 07:50:01 [DEBUG] [code_executor:format_variable] - Formateando variable 'result'.
2025-02-12 07:50:01 [DEBUG] [code_executor:format_variable] - Formateando variable 'pd'.
2025-02-12 07:50:01 [DEBUG] [code_executor:format_variable] - Formateando variable 'np'.
2025-02-12 07:50:01 [DEBUG] [code_executor:format_variable] - Formateando variable 'data'.
2025-02-12 07:50:01 [DEBUG] [code_executor:format_variable] - Formateando variable 'df'.
2025-02-12 07:50:01 [DEBUG] [code_executor:format_variable] - Formateando variable 'result_doubled'.
2025-02-12 07:50:01 [DEBUG] [code_executor:format_variable] - Formateando variable 'result'.
2025-02-12 07:50:01 [DEBUG] [code_executor:format_variable] - Formateando variable 'pd'.
2025-02-12 07:50:01 [DEBUG] [code_executor:format_variable] - Formateando variable 'np'.
2025-02-12 07:50:01 [DEBUG] [code_executor:format_variable] - Formateando variable 'data'.
2025-02-12 07:50:01 [DEBUG] [code_executor:format_variable] - Formateando variable 'df'.
2025-02-12 07:50:01 [DEBUG] [code_executor:format_variable] - Formateando variable 'result_doubled'.
2025-02-12 07:50:01 [DEBUG] [code_executor:format_variable] - Formateando variable '__builtins__'.
2025-02-12 07:50:05 [DEBUG] [code_executor:format_variable] - Formateando variable 'result'.
2025-02-12 07:50:05 [DEBUG] [code_executor:format_variable] - Formateando variable 'pd'.
2025-02-12 07:50:05 [DEBUG] [code_executor:format_variable] - Formateando variable 'np'.
2025-02-12 07:50:05 [DEBUG] [code_executor:format_variable] - Formateando variable 'data'.
2025-02-12 07:50:05 [DEBUG] [code_executor:format_variable] - Formateando variable 'df'.
2025-02-12 07:50:05 [DEBUG] [code_executor:format_variable] - Formateando variable 'result_doubled'.
2025-02-12 20:37:07 [INFO] [tracer:<module>] - El nivel de log actual es: DEBUG
2025-02-12 20:39:02 [INFO] [tracer:<module>] - El nivel de log actual es: DEBUG
2025-02-13 19:28:18 [INFO] [tracer:<module>] - El nivel de log actual es: DEBUG
2025-02-13 19:30:42 [INFO] [tracer:<module>] - El nivel de log actual es: DEBUG
2025-02-13 19:42:39 [INFO] [tracer:<module>] - El nivel de log actual es: DEBUG
2025-02-14 20:24:04 [INFO] [tracer:<module>] - El nivel de log actual es: DEBUG
2025-02-14 20:34:01 [INFO] [tracer:<module>] - El nivel de log actual es: DEBUG
2025-02-14 20:47:29 [INFO] [tracer:<module>] - El nivel de log actual es: DEBUG
2025-02-14 20:56:17 [INFO] [tracer:<module>] - El nivel de log actual es: DEBUG
2025-02-14 21:01:16 [INFO] [tracer:<module>] - El nivel de log actual es: DEBUG
2025-02-15 06:49:10 [INFO] [tracer:<module>] - El nivel de log actual es: DEBUG
2025-02-15 06:52:46 [INFO] [tracer:<module>] - El nivel de log actual es: DEBUG
2025-02-15 06:57:19 [INFO] [tracer:<module>] - El nivel de log actual es: DEBUG
2025-02-15 06:58:30 [INFO] [tracer:<module>] - El nivel de log actual es: DEBUG
2025-02-15 07:09:34 [INFO] [tracer:<module>] - El nivel de log actual es: DEBUG
2025-02-15 07:10:13 [INFO] [tracer:<module>] - El nivel de log actual es: DEBUG
2025-02-15 08:34:45 [INFO] [tracer:<module>] - El nivel de log actual es: DEBUG
2025-02-15 08:48:56 [INFO] [tracer:<module>] - El nivel de log actual es: DEBUG
2025-02-15 09:14:10 [INFO] [tracer:<module>] - El nivel de log actual es: DEBUG
2025-02-15 09:34:40 [INFO] [tracer:<module>] - El nivel de log actual es: DEBUG
2025-02-15 09:36:09 [INFO] [tracer:<module>] - El nivel de log actual es: DEBUG
2025-02-15 12:15:17 [INFO] [tracer:<module>] - El nivel de log actual es: DEBUG
2025-02-15 12:18:15 [INFO] [tracer:<module>] - El nivel de log actual es: DEBUG
2025-02-15 13:10:13 [INFO] [tracer:<module>] - El nivel de log actual es: DEBUG
2025-02-15 13:11:29 [INFO] [tracer:<module>] - El nivel de log actual es: DEBUG
2025-02-15 13:12:34 [INFO] [tracer:<module>] - El nivel de log actual es: DEBUG
2025-02-15 13:23:56 [INFO] [tracer:<module>] - El nivel de log actual es: DEBUG
2025-02-15 20:37:26 [INFO] [tracer:<module>] - El nivel de log actual es: DEBUG
2025-02-15 20:42:25 [INFO] [tracer:<module>] - El nivel de log actual es: DEBUG
2025-02-15 21:09:03 [INFO] [tracer:<module>] - El nivel de log actual es: DEBUG
2025-02-16 07:42:07 [INFO] [tracer:<module>] - El nivel de log actual es: DEBUG
2025-02-16 07:52:01 [INFO] [tracer:<module>] - El nivel de log actual es: DEBUG
2025-02-16 08:00:04 [INFO] [tracer:<module>] - El nivel de log actual es: DEBUG
